<?xml version="1.0" encoding="UTF-8"?>
<testng-results ignored="0" total="1" passed="1" failed="0" skipped="0">
  <reporter-output>
  </reporter-output>
  <suite started-at="2026-02-25T13:38:56 GMT" name="Default suite" finished-at="2026-02-25T13:39:00 GMT" duration-ms="3818">
    <groups>
    </groups>
    <test started-at="2026-02-25T13:38:56 GMT" name="Default test" finished-at="2026-02-25T13:39:00 GMT" duration-ms="3818">
      <class name="com.api.tests.AccountCreationTest">
        <test-method signature="AccountCreationTest()[pri:0, instance:com.api.tests.AccountCreationTest@4d5650ae]" started-at="2026-02-25T13:38:56 GMT" name="AccountCreationTest" description="Verify if Account Creation API Working" finished-at="2026-02-25T13:39:00 GMT" duration-ms="3643" status="PASS">
          <reporter-output>
          </reporter-output>
        </test-method> <!-- AccountCreationTest -->
      </class> <!-- com.api.tests.AccountCreationTest -->
    </test> <!-- Default test -->
  </suite> <!-- Default suite -->
</testng-results>
